#
# There is insufficient memory for the Java Runtime Environment to continue.
# Native memory allocation (malloc) failed to allocate 71303168 bytes for committing reserved memory.
# Possible reasons:
#   The system is out of physical RAM or swap space
#   In 32 bit mode, the process size limit was hit
# Possible solutions:
#   Reduce memory load on the system
#   Increase physical memory or swap space
#   Check if swap backing store is full
#   Use 64 bit Java on a 64 bit OS
#   Decrease Java heap size (-Xmx/-Xms)
#   Decrease number of Java threads
#   Decrease Java thread stack sizes (-Xss)
#   Set larger code cache with -XX:ReservedCodeCacheSize=
# This output file may be truncated or incomplete.
#
#  Out of Memory Error (os_linux.cpp:2809), pid=17874, tid=139920947664640
#
# JRE version: OpenJDK Runtime Environment (7.0_79-b14) (build 1.7.0_79-b14)
# Java VM: OpenJDK 64-Bit Server VM (24.79-b02 mixed mode linux-amd64 compressed oops)
# Derivative: IcedTea 2.5.5
# Distribution: Ubuntu 14.04 LTS, package 7u79-2.5.5-0ubuntu0.14.04.2
# Failed to write core dump. Core dumps have been disabled. To enable core dumping, try "ulimit -c unlimited" before starting Java again
#

---------------  T H R E A D  ---------------

Current thread (0x00007f41e8077000):  VMThread [stack: 0x00007f41e251d000,0x00007f41e261e000] [id=17884]

Stack: [0x00007f41e251d000,0x00007f41e261e000],  sp=0x00007f41e261c490,  free space=1021k
Native frames: (J=compiled Java code, j=interpreted, Vv=VM code, C=native code)
V  [libjvm.so+0x94aec5]  VMError::report_and_die()+0x175
V  [libjvm.so+0x48b9c4]  report_vm_out_of_memory(char const*, int, unsigned long, char const*)+0x74
V  [libjvm.so+0x7c806b]  os::pd_commit_memory(char*, unsigned long, unsigned long, bool)+0xeb
V  [libjvm.so+0x7c2b0f]  os::commit_memory(char*, unsigned long, unsigned long, bool)+0x1f
V  [libjvm.so+0x83500b]  PSVirtualSpace::expand_by(unsigned long)+0x5b
V  [libjvm.so+0x835e60]  PSYoungGen::resize_generation(unsigned long, unsigned long)+0xb0
V  [libjvm.so+0x83654b]  PSYoungGen::resize(unsigned long, unsigned long)+0x1b
V  [libjvm.so+0x832830]  PSScavenge::invoke_no_policy()+0xde0
V  [libjvm.so+0x833008]  PSScavenge::invoke()+0x38
V  [libjvm.so+0x7e96f3]  ParallelScavengeHeap::failed_mem_allocate(unsigned long)+0x63
V  [libjvm.so+0x94c8c4]  VM_ParallelGCFailedAllocation::doit()+0x84
V  [libjvm.so+0x950dc7]  VM_Operation::evaluate()+0x47
V  [libjvm.so+0x94f738]  VMThread::evaluate_operation(VM_Operation*)+0x318
V  [libjvm.so+0x94fb99]  VMThread::loop()+0x219
V  [libjvm.so+0x94ffe2]  VMThread::run()+0x72
V  [libjvm.so+0x7c4f32]  java_start(Thread*)+0xf2

VM_Operation (0x00007f41eecd9820): ParallelGCFailedAllocation, mode: safepoint, requested by thread 0x00007f41e800b800


---------------  P R O C E S S  ---------------

Java Threads: ( => current thread )
  0x00007f41e80af800 JavaThread "Service Thread" daemon [_thread_blocked, id=17890, stack(0x00007f41e1c4e000,0x00007f41e1d4f000)]
  0x00007f41e80ad800 JavaThread "C2 CompilerThread1" daemon [_thread_blocked, id=17889, stack(0x00007f41e1d4f000,0x00007f41e1e50000)]
  0x00007f41e80aa800 JavaThread "C2 CompilerThread0" daemon [_thread_blocked, id=17888, stack(0x00007f41e1e50000,0x00007f41e1f51000)]
  0x00007f41e80a8800 JavaThread "Signal Dispatcher" daemon [_thread_blocked, id=17887, stack(0x00007f41e1f51000,0x00007f41e2052000)]
  0x00007f41e807d800 JavaThread "Finalizer" daemon [_thread_blocked, id=17886, stack(0x00007f41e231b000,0x00007f41e241c000)]
  0x00007f41e807b800 JavaThread "Reference Handler" daemon [_thread_blocked, id=17885, stack(0x00007f41e241c000,0x00007f41e251d000)]
  0x00007f41e800b800 JavaThread "main" [_thread_blocked, id=17879, stack(0x00007f41eebdc000,0x00007f41eecdd000)]

Other Threads:
=>0x00007f41e8077000 VMThread [stack: 0x00007f41e251d000,0x00007f41e261e000] [id=17884]
  0x00007f41e80ba800 WatcherThread [stack: 0x00007f41e1b4d000,0x00007f41e1c4e000] [id=17891]

VM state:at safepoint (normal execution)

VM Mutex/Monitor currently owned by a thread:  ([mutex/lock_event])
[0x00007f41e8007e00] Threads_lock - owner thread: 0x00007f41e8077000
[0x00007f41e8008300] Heap_lock - owner thread: 0x00007f41e800b800

Heap
 PSYoungGen      total 147968K, used 33744K [0x00000007d7500000, 0x00000007e3100000, 0x0000000800000000)
  eden space 108032K, 0% used [0x00000007d7500000,0x00000007d7500000,0x00000007dde80000)
  from space 39936K, 84% used [0x00000007dde80000,0x00000007dff74038,0x00000007e0580000)
  to   space 35328K, 0% used [0x00000007e0580000,0x00000007e0580000,0x00000007e2800000)
 ParOldGen       total 82944K, used 52383K [0x0000000786000000, 0x000000078b100000, 0x00000007d7500000)
  object space 82944K, 63% used [0x0000000786000000,0x0000000789327c68,0x000000078b100000)
 PSPermGen       total 21504K, used 21046K [0x000000077ba00000, 0x000000077cf00000, 0x0000000786000000)
  object space 21504K, 97% used [0x000000077ba00000,0x000000077ce8da38,0x000000077cf00000)

Card table byte_map: [0x00007f41e43a1000,0x00007f41e47c5000] byte_map_base: 0x00007f41e07c4000

Polling page: 0x00007f41eecf8000

Code Cache  [0x00007f41e47c5000, 0x00007f41e4a45000, 0x00007f41e77c5000)
 total_blobs=789 nmethods=465 adapters=277 free_code_cache=46731Kb largest_free_block=47731520

Compilation events (10 events):
Event: 6.921 Thread 0x00007f41e80ad800 nmethod 482 0x00007f41e49f8ad0 code [0x00007f41e49f8c20, 0x00007f41e49f8d18]
Event: 6.921 Thread 0x00007f41e80ad800  483             gate.util.compilers.eclipse.jdt.internal.compiler.lookup.Scope::findMethodInSuperInterfaces (318 bytes)
Event: 6.980 Thread 0x00007f41e80aa800 nmethod 454 0x00007f41e4a0d390 code [0x00007f41e4a0e140, 0x00007f41e4a143f8]
Event: 6.980 Thread 0x00007f41e80aa800  484             gate.util.compilers.eclipse.jdt.internal.compiler.lookup.MethodBinding::isStatic (14 bytes)
Event: 6.981 Thread 0x00007f41e80aa800 nmethod 484 0x00007f41e49f88d0 code [0x00007f41e49f8a00, 0x00007f41e49f8a78]
Event: 6.981 Thread 0x00007f41e80aa800  485   !         gate.util.compilers.eclipse.jdt.internal.compiler.lookup.BinaryTypeBinding::superInterfaces (223 bytes)
Event: 7.186 Thread 0x00007f41e80aa800 nmethod 485 0x00007f41e4a25e50 code [0x00007f41e4a26f20, 0x00007f41e4a30270]
Event: 7.186 Thread 0x00007f41e80aa800  486             gate.util.compilers.eclipse.jdt.internal.compiler.lookup.ReferenceBinding::isInterface (15 bytes)
Event: 7.186 Thread 0x00007f41e80aa800 nmethod 486 0x00007f41e49f8310 code [0x00007f41e49f8440, 0x00007f41e49f84b8]
Event: 7.186 Thread 0x00007f41e80aa800  487             gate.util.compilers.eclipse.jdt.internal.compiler.lookup.MethodVerifier15::checkMethods (1161 bytes)

GC Heap History (10 events):
Event: 5.020 GC heap after
Heap after GC invocations=4 (full 0):
 PSYoungGen      total 36864K, used 5117K [0x00000007d7500000, 0x00000007d9e00000, 0x0000000800000000)
  eden space 31744K, 0% used [0x00000007d7500000,0x00000007d7500000,0x00000007d9400000)
  from space 5120K, 99% used [0x00000007d9900000,0x00000007d9dff5e8,0x00000007d9e00000)
  to   space 5120K, 0% used [0x00000007d9400000,0x00000007d9400000,0x00000007d9900000)
 ParOldGen       total 82944K, used 6564K [0x0000000786000000, 0x000000078b100000, 0x00000007d7500000)
  object space 82944K, 7% used [0x0000000786000000,0x0000000786669028,0x000000078b100000)
 PSPermGen       total 21504K, used 20007K [0x000000077ba00000, 0x000000077cf00000, 0x0000000786000000)
  object space 21504K, 93% used [0x000000077ba00000,0x000000077cd89dc8,0x000000077cf00000)
}
Event: 5.298 GC heap before
{Heap before GC invocations=5 (full 0):
 PSYoungGen      total 36864K, used 36861K [0x00000007d7500000, 0x00000007d9e00000, 0x0000000800000000)
  eden space 31744K, 100% used [0x00000007d7500000,0x00000007d9400000,0x00000007d9400000)
  from space 5120K, 99% used [0x00000007d9900000,0x00000007d9dff5e8,0x00000007d9e00000)
  to   space 5120K, 0% used [0x00000007d9400000,0x00000007d9400000,0x00000007d9900000)
 ParOldGen       total 82944K, used 6564K [0x0000000786000000, 0x000000078b100000, 0x00000007d7500000)
  object space 82944K, 7% used [0x0000000786000000,0x0000000786669028,0x000000078b100000)
 PSPermGen       total 21504K, used 20010K [0x000000077ba00000, 0x000000077cf00000, 0x0000000786000000)
  object space 21504K, 93% used [0x000000077ba00000,0x000000077cd8ab18,0x000000077cf00000)
Event: 5.307 GC heap after
Heap after GC invocations=5 (full 0):
 PSYoungGen      total 36864K, used 5103K [0x00000007d7500000, 0x00000007dc600000, 0x0000000800000000)
  eden space 31744K, 0% used [0x00000007d7500000,0x00000007d7500000,0x00000007d9400000)
  from space 5120K, 99% used [0x00000007d9400000,0x00000007d98fbf58,0x00000007d9900000)
  to   space 9728K, 0% used [0x00000007dbc80000,0x00000007dbc80000,0x00000007dc600000)
 ParOldGen       total 82944K, used 8372K [0x0000000786000000, 0x000000078b100000, 0x00000007d7500000)
  object space 82944K, 10% used [0x0000000786000000,0x000000078682d028,0x000000078b100000)
 PSPermGen       total 21504K, used 20010K [0x000000077ba00000, 0x000000077cf00000, 0x0000000786000000)
  object space 21504K, 93% used [0x000000077ba00000,0x000000077cd8ab18,0x000000077cf00000)
}
Event: 5.386 GC heap before
{Heap before GC invocations=6 (full 0):
 PSYoungGen      total 36864K, used 36847K [0x00000007d7500000, 0x00000007dc600000, 0x0000000800000000)
  eden space 31744K, 100% used [0x00000007d7500000,0x00000007d9400000,0x00000007d9400000)
  from space 5120K, 99% used [0x00000007d9400000,0x00000007d98fbf58,0x00000007d9900000)
  to   space 9728K, 0% used [0x00000007dbc80000,0x00000007dbc80000,0x00000007dc600000)
 ParOldGen       total 82944K, used 8372K [0x0000000786000000, 0x000000078b100000, 0x00000007d7500000)
  object space 82944K, 10% used [0x0000000786000000,0x000000078682d028,0x000000078b100000)
 PSPermGen       total 21504K, used 20024K [0x000000077ba00000, 0x000000077cf00000, 0x0000000786000000)
  object space 21504K, 93% used [0x000000077ba00000,0x000000077cd8e090,0x000000077cf00000)
Event: 5.404 GC heap after
Heap after GC invocations=6 (full 0):
 PSYoungGen      total 66048K, used 9697K [0x00000007d7500000, 0x00000007dd400000, 0x0000000800000000)
  eden space 56320K, 0% used [0x00000007d7500000,0x00000007d7500000,0x00000007dac00000)
  from space 9728K, 99% used [0x00000007dbc80000,0x00000007dc5f84a0,0x00000007dc600000)
  to   space 16896K, 0% used [0x00000007dac00000,0x00000007dac00000,0x00000007dbc80000)
 ParOldGen       total 82944K, used 18553K [0x0000000786000000, 0x000000078b100000, 0x00000007d7500000)
  object space 82944K, 22% used [0x0000000786000000,0x000000078721e7c0,0x000000078b100000)
 PSPermGen       total 21504K, used 20024K [0x000000077ba00000, 0x000000077cf00000, 0x0000000786000000)
  object space 21504K, 93% used [0x000000077ba00000,0x000000077cd8e090,0x000000077cf00000)
}
Event: 5.519 GC heap before
{Heap before GC invocations=7 (full 0):
 PSYoungGen      total 66048K, used 66017K [0x00000007d7500000, 0x00000007dd400000, 0x0000000800000000)
  eden space 56320K, 100% used [0x00000007d7500000,0x00000007dac00000,0x00000007dac00000)
  from space 9728K, 99% used [0x00000007dbc80000,0x00000007dc5f84a0,0x00000007dc600000)
  to   space 16896K, 0% used [0x00000007dac00000,0x00000007dac00000,0x00000007dbc80000)
 ParOldGen       total 82944K, used 18553K [0x0000000786000000, 0x000000078b100000, 0x00000007d7500000)
  object space 82944K, 22% used [0x0000000786000000,0x000000078721e7c0,0x000000078b100000)
 PSPermGen       total 21504K, used 20043K [0x000000077ba00000, 0x000000077cf00000, 0x0000000786000000)
  object space 21504K, 93% used [0x000000077ba00000,0x000000077cd92d38,0x000000077cf00000)
Event: 5.566 GC heap after
Heap after GC invocations=7 (full 0):
 PSYoungGen      total 73216K, used 16896K [0x00000007d7500000, 0x00000007e2800000, 0x0000000800000000)
  eden space 56320K, 0% used [0x00000007d7500000,0x00000007d7500000,0x00000007dac00000)
  from space 16896K, 100% used [0x00000007dac00000,0x00000007dbc80000,0x00000007dbc80000)
  to   space 35328K, 0% used [0x00000007e0580000,0x00000007e0580000,0x00000007e2800000)
 ParOldGen       total 82944K, used 49792K [0x0000000786000000, 0x000000078b100000, 0x00000007d7500000)
  object space 82944K, 60% used [0x0000000786000000,0x00000007890a03a8,0x000000078b100000)
 PSPermGen       total 21504K, used 20043K [0x000000077ba00000, 0x000000077cf00000, 0x0000000786000000)
  object space 21504K, 93% used [0x000000077ba00000,0x000000077cd92d38,0x000000077cf00000)
}
Event: 6.175 GC heap before
{Heap before GC invocations=8 (full 0):
 PSYoungGen      total 73216K, used 73216K [0x00000007d7500000, 0x00000007e2800000, 0x0000000800000000)
  eden space 56320K, 100% used [0x00000007d7500000,0x00000007dac00000,0x00000007dac00000)
  from space 16896K, 100% used [0x00000007dac00000,0x00000007dbc80000,0x00000007dbc80000)
  to   space 35328K, 0% used [0x00000007e0580000,0x00000007e0580000,0x00000007e2800000)
 ParOldGen       total 82944K, used 49792K [0x0000000786000000, 0x000000078b100000, 0x00000007d7500000)
  object space 82944K, 60% used [0x0000000786000000,0x00000007890a03a8,0x000000078b100000)
 PSPermGen       total 21504K, used 20300K [0x000000077ba00000, 0x000000077cf00000, 0x0000000786000000)
  object space 21504K, 94% used [0x000000077ba00000,0x000000077cdd31e8,0x000000077cf00000)
Event: 6.243 GC heap after
Heap after GC invocations=8 (full 0):
 PSYoungGen      total 143360K, used 30742K [0x00000007d7500000, 0x00000007e3100000, 0x0000000800000000)
  eden space 108032K, 0% used [0x00000007d7500000,0x00000007d7500000,0x00000007dde80000)
  from space 35328K, 87% used [0x00000007e0580000,0x00000007e2385b30,0x00000007e2800000)
  to   space 39936K, 0% used [0x00000007dde80000,0x00000007dde80000,0x00000007e0580000)
 ParOldGen       total 82944K, used 51175K [0x0000000786000000, 0x000000078b100000, 0x00000007d7500000)
  object space 82944K, 61% used [0x0000000786000000,0x00000007891f9c68,0x000000078b100000)
 PSPermGen       total 21504K, used 20300K [0x000000077ba00000, 0x000000077cf00000, 0x0000000786000000)
  object space 21504K, 94% used [0x000000077ba00000,0x000000077cdd31e8,0x000000077cf00000)
}
Event: 7.236 GC heap before
{Heap before GC invocations=9 (full 0):
 PSYoungGen      total 143360K, used 138774K [0x00000007d7500000, 0x00000007e3100000, 0x0000000800000000)
  eden space 108032K, 100% used [0x00000007d7500000,0x00000007dde80000,0x00000007dde80000)
  from space 35328K, 87% used [0x00000007e0580000,0x00000007e2385b30,0x00000007e2800000)
  to   space 39936K, 0% used [0x00000007dde80000,0x00000007dde80000,0x00000007e0580000)
 ParOldGen       total 82944K, used 51175K [0x0000000786000000, 0x000000078b100000, 0x00000007d7500000)
  object space 82944K, 61% used [0x0000000786000000,0x00000007891f9c68,0x000000078b100000)
 PSPermGen       total 21504K, used 21046K [0x000000077ba00000, 0x000000077cf00000, 0x0000000786000000)
  object space 21504K, 97% used [0x000000077ba00000,0x000000077ce8da38,0x000000077cf00000)

Deoptimization events (10 events):
Event: 5.431 Thread 0x00007f41e800b800 Uncommon trap: reason=unloaded action=reinterpret pc=0x00007f41e486b9b4 method=java.lang.CharacterData.of(I)Ljava/lang/CharacterData; @ 96
Event: 5.458 Thread 0x00007f41e800b800 Uncommon trap: reason=unreached action=reinterpret pc=0x00007f41e48ad548 method=gate.creole.gazetteer.DefaultGazetteer.readList(Lgate/creole/gazetteer/LinearNode;Z)V @ 195
Event: 5.458 Thread 0x00007f41e800b800 Uncommon trap: reason=unreached action=reinterpret pc=0x00007f41e48694e4 method=gate.creole.gazetteer.Lookup.toString()Ljava/lang/String; @ 35
Event: 5.458 Thread 0x00007f41e800b800 Uncommon trap: reason=unreached action=reinterpret pc=0x00007f41e486a10c method=gate.creole.gazetteer.Lookup.toString()Ljava/lang/String; @ 35
Event: 5.582 Thread 0x00007f41e800b800 Uncommon trap: reason=null_check action=make_not_entrant pc=0x00007f41e48b6290 method=java.beans.Introspector.addEvent(Ljava/beans/EventSetDescriptor;)V @ 32
Event: 5.627 Thread 0x00007f41e800b800 Uncommon trap: reason=unreached action=reinterpret pc=0x00007f41e4865c90 method=java.io.BufferedReader.ensureOpen()V @ 4
Event: 5.707 Thread 0x00007f41e800b800 Uncommon trap: reason=bimorphic action=maybe_recompile pc=0x00007f41e48df014 method=java.util.HashMap$KeySet.iterator()Ljava/util/Iterator; @ 4
Event: 6.689 Thread 0x00007f41e800b800 Uncommon trap: reason=bimorphic action=maybe_recompile pc=0x00007f41e48df014 method=java.util.HashMap$KeySet.iterator()Ljava/util/Iterator; @ 4
Event: 6.753 Thread 0x00007f41e800b800 Uncommon trap: reason=predicate action=maybe_recompile pc=0x00007f41e49c1f80 method=java.util.Arrays.fill([Ljava/lang/Object;Ljava/lang/Object;)V @ 10
Event: 7.194 Thread 0x00007f41e800b800 Uncommon trap: reason=bimorphic action=maybe_recompile pc=0x00007f41e48df014 method=java.util.HashMap$KeySet.iterator()Ljava/util/Iterator; @ 4

Internal exceptions (10 events):
Event: 7.235 Thread 0x00007f41e800b800 Threw 0x00000007dde70118 at /build/buildd/openjdk-7-7u79-2.5.5/build/openjdk/hotspot/src/share/vm/prims/jvm.cpp:1284
Event: 7.235 Thread 0x00007f41e800b800 Threw 0x00000007dde732b8 at /build/buildd/openjdk-7-7u79-2.5.5/build/openjdk/hotspot/src/share/vm/prims/jvm.cpp:1284
Event: 7.235 Thread 0x00007f41e800b800 Threw 0x00000007dde73778 at /build/buildd/openjdk-7-7u79-2.5.5/build/openjdk/hotspot/src/share/vm/prims/jvm.cpp:1284
Event: 7.236 Thread 0x00007f41e800b800 Threw 0x00000007dde77540 at /build/buildd/openjdk-7-7u79-2.5.5/build/openjdk/hotspot/src/share/vm/prims/jvm.cpp:1284
Event: 7.236 Thread 0x00007f41e800b800 Threw 0x00000007dde7a6e0 at /build/buildd/openjdk-7-7u79-2.5.5/build/openjdk/hotspot/src/share/vm/prims/jvm.cpp:1284
Event: 7.236 Thread 0x00007f41e800b800 Threw 0x00000007dde7aba0 at /build/buildd/openjdk-7-7u79-2.5.5/build/openjdk/hotspot/src/share/vm/prims/jvm.cpp:1284
Event: 7.236 Thread 0x00007f41e800b800 Threw 0x00000007dde7b5e0 at /build/buildd/openjdk-7-7u79-2.5.5/build/openjdk/hotspot/src/share/vm/prims/jvm.cpp:1284
Event: 7.236 Thread 0x00007f41e800b800 Threw 0x00000007dde7e780 at /build/buildd/openjdk-7-7u79-2.5.5/build/openjdk/hotspot/src/share/vm/prims/jvm.cpp:1284
Event: 7.236 Thread 0x00007f41e800b800 Threw 0x00000007dde7ec40 at /build/buildd/openjdk-7-7u79-2.5.5/build/openjdk/hotspot/src/share/vm/prims/jvm.cpp:1284
Event: 7.236 Thread 0x00007f41e800b800 Threw 0x00000007dde7f890 at /build/buildd/openjdk-7-7u79-2.5.5/build/openjdk/hotspot/src/share/vm/prims/jvm.cpp:1284

Events (10 events):
Event: 7.235 loading class 0x00007f41e87a3e20 done
Event: 7.236 loading class 0x00007f41e87a3e20
Event: 7.236 loading class 0x00007f41e87a3e20 done
Event: 7.236 loading class 0x00007f41e87a3e20
Event: 7.236 loading class 0x00007f41e87a3e20 done
Event: 7.236 loading class 0x00007f41e87a3e20
Event: 7.236 loading class 0x00007f41e87a3e20 done
Event: 7.236 loading class 0x00007f41e87a3e20
Event: 7.236 loading class 0x00007f41e87a3e20 done
Event: 7.236 Executing VM operation: ParallelGCFailedAllocation


Dynamic libraries:
00400000-00401000 r-xp 00000000 08:08 8389965                            /usr/lib/jvm/java-7-openjdk-amd64/jre/bin/java
00600000-00601000 r--p 00000000 08:08 8389965                            /usr/lib/jvm/java-7-openjdk-amd64/jre/bin/java
00601000-00602000 rw-p 00001000 08:08 8389965                            /usr/lib/jvm/java-7-openjdk-amd64/jre/bin/java
02083000-020a4000 rw-p 00000000 00:00 0                                  [heap]
77ba00000-77cf00000 rw-p 00000000 00:00 0 
77cf00000-786000000 rw-p 00000000 00:00 0 
786000000-78b100000 rw-p 00000000 00:00 0 
78b100000-7d7500000 rw-p 00000000 00:00 0 
7d7500000-7e3100000 rw-p 00000000 00:00 0 
7e7500000-800000000 rw-p 00000000 00:00 0 
7f41a4000000-7f41a4021000 rw-p 00000000 00:00 0 
7f41a4021000-7f41a8000000 ---p 00000000 00:00 0 
7f41abbd6000-7f41abbed000 r-xp 00000000 08:08 8521390                    /usr/lib/jvm/java-7-openjdk-amd64/jre/lib/amd64/libnet.so
7f41abbed000-7f41abdec000 ---p 00017000 08:08 8521390                    /usr/lib/jvm/java-7-openjdk-amd64/jre/lib/amd64/libnet.so
7f41abdec000-7f41abded000 r--p 00016000 08:08 8521390                    /usr/lib/jvm/java-7-openjdk-amd64/jre/lib/amd64/libnet.so
7f41abded000-7f41abdee000 rw-p 00017000 08:08 8521390                    /usr/lib/jvm/java-7-openjdk-amd64/jre/lib/amd64/libnet.so
7f41abdee000-7f41abdfe000 r-xp 00000000 08:08 8520184                    /usr/lib/jvm/java-7-openjdk-amd64/jre/lib/amd64/libnio.so
7f41abdfe000-7f41abffe000 ---p 00010000 08:08 8520184                    /usr/lib/jvm/java-7-openjdk-amd64/jre/lib/amd64/libnio.so
7f41abffe000-7f41abfff000 r--p 00010000 08:08 8520184                    /usr/lib/jvm/java-7-openjdk-amd64/jre/lib/amd64/libnio.so
7f41abfff000-7f41ac000000 rw-p 00011000 08:08 8520184                    /usr/lib/jvm/java-7-openjdk-amd64/jre/lib/amd64/libnio.so
7f41ac000000-7f41ad624000 rw-p 00000000 00:00 0 
7f41ad624000-7f41b0000000 ---p 00000000 00:00 0 
7f41b0000000-7f41b0021000 rw-p 00000000 00:00 0 
7f41b0021000-7f41b4000000 ---p 00000000 00:00 0 
7f41b4000000-7f41b4021000 rw-p 00000000 00:00 0 
7f41b4021000-7f41b8000000 ---p 00000000 00:00 0 
7f41b8000000-7f41ba01b000 rw-p 00000000 00:00 0 
7f41ba01b000-7f41bc000000 ---p 00000000 00:00 0 
7f41bc000000-7f41bc021000 rw-p 00000000 00:00 0 
7f41bc021000-7f41c0000000 ---p 00000000 00:00 0 
7f41c0000000-7f41c0021000 rw-p 00000000 00:00 0 
7f41c0021000-7f41c4000000 ---p 00000000 00:00 0 
7f41c4000000-7f41c4240000 rw-p 00000000 00:00 0 
7f41c4240000-7f41c8000000 ---p 00000000 00:00 0 
7f41c8063000-7f41c8067000 r-xp 00000000 08:08 4457427                    /lib/x86_64-linux-gnu/libgpg-error.so.0.10.0
7f41c8067000-7f41c8266000 ---p 00004000 08:08 4457427                    /lib/x86_64-linux-gnu/libgpg-error.so.0.10.0
7f41c8266000-7f41c8267000 r--p 00003000 08:08 4457427                    /lib/x86_64-linux-gnu/libgpg-error.so.0.10.0
7f41c8267000-7f41c8268000 rw-p 00004000 08:08 4457427                    /lib/x86_64-linux-gnu/libgpg-error.so.0.10.0
7f41c8268000-7f41c826a000 r-xp 00000000 08:08 4460394                    /lib/x86_64-linux-gnu/libkeyutils.so.1.4
7f41c826a000-7f41c846a000 ---p 00002000 08:08 4460394                    /lib/x86_64-linux-gnu/libkeyutils.so.1.4
7f41c846a000-7f41c846b000 r--p 00002000 08:08 4460394                    /lib/x86_64-linux-gnu/libkeyutils.so.1.4
7f41c846b000-7f41c846c000 rw-p 00003000 08:08 4460394                    /lib/x86_64-linux-gnu/libkeyutils.so.1.4
7f41c846c000-7f41c84a9000 r-xp 00000000 08:08 4456512                    /lib/x86_64-linux-gnu/libpcre.so.3.13.1
7f41c84a9000-7f41c86a8000 ---p 0003d000 08:08 4456512                    /lib/x86_64-linux-gnu/libpcre.so.3.13.1
7f41c86a8000-7f41c86a9000 r--p 0003c000 08:08 4456512                    /lib/x86_64-linux-gnu/libpcre.so.3.13.1
7f41c86a9000-7f41c86aa000 rw-p 0003d000 08:08 4456512                    /lib/x86_64-linux-gnu/libpcre.so.3.13.1
7f41c86aa000-7f41c86cf000 r-xp 00000000 08:08 4460414                    /lib/x86_64-linux-gnu/libpng12.so.0.50.0
7f41c86cf000-7f41c88ce000 ---p 00025000 08:08 4460414                    /lib/x86_64-linux-gnu/libpng12.so.0.50.0
7f41c88ce000-7f41c88cf000 r--p 00024000 08:08 4460414                    /lib/x86_64-linux-gnu/libpng12.so.0.50.0
7f41c88cf000-7f41c88d0000 rw-p 00025000 08:08 4460414                    /lib/x86_64-linux-gnu/libpng12.so.0.50.0
7f41c88d0000-7f41c8914000 r-xp 00000000 08:08 4456536                    /lib/x86_64-linux-gnu/libdbus-1.so.3.7.6
7f41c8914000-7f41c8b13000 ---p 00044000 08:08 4456536                    /lib/x86_64-linux-gnu/libdbus-1.so.3.7.6
7f41c8b13000-7f41c8b14000 r--p 00043000 08:08 4456536                    /lib/x86_64-linux-gnu/libdbus-1.so.3.7.6
7f41c8b14000-7f41c8b15000 rw-p 00044000 08:08 4456536                    /lib/x86_64-linux-gnu/libdbus-1.so.3.7.6
7f41c8b15000-7f41c8b50000 r-xp 00000000 08:08 7344741                    /usr/lib/x86_64-linux-gnu/libp11-kit.so.0.0.0
7f41c8b50000-7f41c8d4f000 ---p 0003b000 08:08 7344741                    /usr/lib/x86_64-linux-gnu/libp11-kit.so.0.0.0
7f41c8d4f000-7f41c8d55000 r--p 0003a000 08:08 7344741                    /usr/lib/x86_64-linux-gnu/libp11-kit.so.0.0.0
7f41c8d55000-7f41c8d57000 rw-p 00040000 08:08 7344741                    /usr/lib/x86_64-linux-gnu/libp11-kit.so.0.0.0
7f41c8d57000-7f41c8d69000 r-xp 00000000 08:08 7341399                    /usr/lib/x86_64-linux-gnu/libtasn1.so.6.2.0
7f41c8d69000-7f41c8f69000 ---p 00012000 08:08 7341399                    /usr/lib/x86_64-linux-gnu/libtasn1.so.6.2.0
7f41c8f69000-7f41c8f6a000 r--p 00012000 08:08 7341399                    /usr/lib/x86_64-linux-gnu/libtasn1.so.6.2.0
7f41c8f6a000-7f41c8f6b000 rw-p 00013000 08:08 7341399                    /usr/lib/x86_64-linux-gnu/libtasn1.so.6.2.0
7f41c8f6b000-7f41c8fe7000 r-xp 00000000 08:08 4457334                    /lib/x86_64-linux-gnu/libgcrypt.so.11.8.2
7f41c8fe7000-7f41c91e7000 ---p 0007c000 08:08 4457334                    /lib/x86_64-linux-gnu/libgcrypt.so.11.8.2
7f41c91e7000-7f41c91e8000 r--p 0007c000 08:08 4457334                    /lib/x86_64-linux-gnu/libgcrypt.so.11.8.2
7f41c91e8000-7f41c91eb000 rw-p 0007d000 08:08 4457334                    /lib/x86_64-linux-gnu/libgcrypt.so.11.8.2
7f41c91eb000-7f41c91f5000 r-xp 00000000 08:08 7343020                    /usr/lib/x86_64-linux-gnu/libkrb5support.so.0.1
7f41c91f5000-7f41c93f4000 ---p 0000a000 08:08 7343020                    /usr/lib/x86_64-linux-gnu/libkrb5support.so.0.1
7f41c93f4000-7f41c93f5000 r--p 00009000 08:08 7343020                    /usr/lib/x86_64-linux-gnu/libkrb5support.so.0.1
7f41c93f5000-7f41c93f6000 rw-p 0000a000 08:08 7343020                    /usr/lib/x86_64-linux-gnu/libkrb5support.so.0.1
7f41c93f6000-7f41c93f9000 r-xp 00000000 08:08 4457321                    /lib/x86_64-linux-gnu/libcom_err.so.2.1
7f41c93f9000-7f41c95f8000 ---p 00003000 08:08 4457321                    /lib/x86_64-linux-gnu/libcom_err.so.2.1
7f41c95f8000-7f41c95f9000 r--p 00002000 08:08 4457321                    /lib/x86_64-linux-gnu/libcom_err.so.2.1
7f41c95f9000-7f41c95fa000 rw-p 00003000 08:08 4457321                    /lib/x86_64-linux-gnu/libcom_err.so.2.1
7f41c95fa000-7f41c9626000 r-xp 00000000 08:08 7340841                    /usr/lib/x86_64-linux-gnu/libk5crypto.so.3.1
7f41c9626000-7f41c9825000 ---p 0002c000 08:08 7340841                    /usr/lib/x86_64-linux-gnu/libk5crypto.so.3.1
7f41c9825000-7f41c9827000 r--p 0002b000 08:08 7340841                    /usr/lib/x86_64-linux-gnu/libk5crypto.so.3.1
7f41c9827000-7f41c9828000 rw-p 0002d000 08:08 7340841                    /usr/lib/x86_64-linux-gnu/libk5crypto.so.3.1
7f41c9828000-7f41c9829000 rw-p 00000000 00:00 0 
7f41c9829000-7f41c98e5000 r-xp 00000000 08:08 7342533                    /usr/lib/x86_64-linux-gnu/libkrb5.so.3.3
7f41c98e5000-7f41c9ae5000 ---p 000bc000 08:08 7342533                    /usr/lib/x86_64-linux-gnu/libkrb5.so.3.3
7f41c9ae5000-7f41c9af2000 r--p 000bc000 08:08 7342533                    /usr/lib/x86_64-linux-gnu/libkrb5.so.3.3
7f41c9af2000-7f41c9af4000 rw-p 000c9000 08:08 7342533                    /usr/lib/x86_64-linux-gnu/libkrb5.so.3.3
7f41c9af4000-7f41c9af9000 r-xp 00000000 08:08 7341011                    /usr/lib/x86_64-linux-gnu/libXdmcp.so.6.0.0
7f41c9af9000-7f41c9cf8000 ---p 00005000 08:08 7341011                    /usr/lib/x86_64-linux-gnu/libXdmcp.so.6.0.0
7f41c9cf8000-7f41c9cf9000 r--p 00004000 08:08 7341011                    /usr/lib/x86_64-linux-gnu/libXdmcp.so.6.0.0
7f41c9cf9000-7f41c9cfa000 rw-p 00005000 08:08 7341011                    /usr/lib/x86_64-linux-gnu/libXdmcp.so.6.0.0
7f41c9cfa000-7f41c9cfc000 r-xp 00000000 08:08 7340293                    /usr/lib/x86_64-linux-gnu/libXau.so.6.0.0
7f41c9cfc000-7f41c9efc000 ---p 00002000 08:08 7340293                    /usr/lib/x86_64-linux-gnu/libXau.so.6.0.0
7f41c9efc000-7f41c9efd000 r--p 00002000 08:08 7340293                    /usr/lib/x86_64-linux-gnu/libXau.so.6.0.0
7f41c9efd000-7f41c9efe000 rw-p 00003000 08:08 7340293                    /usr/lib/x86_64-linux-gnu/libXau.so.6.0.0
7f41c9efe000-7f41c9f05000 r-xp 00000000 08:08 7340223                    /usr/lib/x86_64-linux-gnu/libffi.so.6.0.1
7f41c9f05000-7f41ca104000 ---p 00007000 08:08 7340223                    /usr/lib/x86_64-linux-gnu/libffi.so.6.0.1
7f41ca104000-7f41ca105000 r--p 00006000 08:08 7340223                    /usr/lib/x86_64-linux-gnu/libffi.so.6.0.1
7f41ca105000-7f41ca106000 rw-p 00007000 08:08 7340223                    /usr/lib/x86_64-linux-gnu/libffi.so.6.0.1
7f41ca106000-7f41ca11d000 r-xp 00000000 08:08 4456452                    /lib/x86_64-linux-gnu/libresolv-2.19.so
7f41ca11d000-7f41ca31d000 ---p 00017000 08:08 4456452                    /lib/x86_64-linux-gnu/libresolv-2.19.so
7f41ca31d000-7f41ca31e000 r--p 00017000 08:08 4456452                    /lib/x86_64-linux-gnu/libresolv-2.19.so
7f41ca31e000-7f41ca31f000 rw-p 00018000 08:08 4456452                    /lib/x86_64-linux-gnu/libresolv-2.19.so
7f41ca31f000-7f41ca321000 rw-p 00000000 00:00 0 
7f41ca321000-7f41ca341000 r-xp 00000000 08:08 4457426                    /lib/x86_64-linux-gnu/libselinux.so.1
7f41ca341000-7f41ca540000 ---p 00020000 08:08 4457426                    /lib/x86_64-linux-gnu/libselinux.so.1
7f41ca540000-7f41ca541000 r--p 0001f000 08:08 4457426                    /lib/x86_64-linux-gnu/libselinux.so.1
7f41ca541000-7f41ca542000 rw-p 00020000 08:08 4457426                    /lib/x86_64-linux-gnu/libselinux.so.1
7f41ca542000-7f41ca544000 rw-p 00000000 00:00 0 
7f41ca544000-7f41ca64a000 r-xp 00000000 08:08 4462789                    /lib/x86_64-linux-gnu/libglib-2.0.so.0.4002.0
7f41ca64a000-7f41ca849000 ---p 00106000 08:08 4462789                    /lib/x86_64-linux-gnu/libglib-2.0.so.0.4002.0
7f41ca849000-7f41ca84a000 r--p 00105000 08:08 4462789                    /lib/x86_64-linux-gnu/libglib-2.0.so.0.4002.0
7f41ca84a000-7f41ca84b000 rw-p 00106000 08:08 4462789                    /lib/x86_64-linux-gnu/libglib-2.0.so.0.4002.0
7f41ca84b000-7f41ca84c000 rw-p 00000000 00:00 0 
7f41ca84c000-7f41ca84f000 r-xp 00000000 08:08 7341060                    /usr/lib/x86_64-linux-gnu/libgmodule-2.0.so.0.4002.0
7f41ca84f000-7f41caa4e000 ---p 00003000 08:08 7341060                    /usr/lib/x86_64-linux-gnu/libgmodule-2.0.so.0.4002.0
7f41caa4e000-7f41caa4f000 r--p 00002000 08:08 7341060                    /usr/lib/x86_64-linux-gnu/libgmodule-2.0.so.0.4002.0
7f41caa4f000-7f41caa50000 rw-p 00003000 08:08 7341060                    /usr/lib/x86_64-linux-gnu/libgmodule-2.0.so.0.4002.0
7f41caa50000-7f41caa77000 r-xp 00000000 08:08 4456522                    /lib/x86_64-linux-gnu/libexpat.so.1.6.0
7f41caa77000-7f41cac77000 ---p 00027000 08:08 4456522                    /lib/x86_64-linux-gnu/libexpat.so.1.6.0
7f41cac77000-7f41cac79000 r--p 00027000 08:08 4456522                    /lib/x86_64-linux-gnu/libexpat.so.1.6.0
7f41cac79000-7f41cac7a000 rw-p 00029000 08:08 4456522                    /lib/x86_64-linux-gnu/libexpat.so.1.6.0
7f41cac7a000-7f41cad17000 r-xp 00000000 08:08 7343553                    /usr/lib/x86_64-linux-gnu/libfreetype.so.6.11.1
7f41cad17000-7f41caf16000 ---p 0009d000 08:08 7343553                    /usr/lib/x86_64-linux-gnu/libfreetype.so.6.11.1
7f41caf16000-7f41caf1c000 r--p 0009c000 08:08 7343553                    /usr/lib/x86_64-linux-gnu/libfreetype.so.6.11.1
7f41caf1c000-7f41caf1d000 rw-p 000a2000 08:08 7343553                    /usr/lib/x86_64-linux-gnu/libfreetype.so.6.11.1
7f41caf1d000-7f41caf2c000 r-xp 00000000 08:08 7344987                    /usr/lib/x86_64-linux-gnu/libavahi-client.so.3.2.9
7f41caf2c000-7f41cb12c000 ---p 0000f000 08:08 7344987                    /usr/lib/x86_64-linux-gnu/libavahi-client.so.3.2.9
7f41cb12c000-7f41cb12d000 r--p 0000f000 08:08 7344987                    /usr/lib/x86_64-linux-gnu/libavahi-client.so.3.2.9
7f41cb12d000-7f41cb12e000 rw-p 00010000 08:08 7344987                    /usr/lib/x86_64-linux-gnu/libavahi-client.so.3.2.9
7f41cb12e000-7f41cb139000 r-xp 00000000 08:08 7343586                    /usr/lib/x86_64-linux-gnu/libavahi-common.so.3.5.3
7f41cb139000-7f41cb338000 ---p 0000b000 08:08 7343586                    /usr/lib/x86_64-linux-gnu/libavahi-common.so.3.5.3
7f41cb338000-7f41cb339000 r--p 0000a000 08:08 7343586                    /usr/lib/x86_64-linux-gnu/libavahi-common.so.3.5.3
7f41cb339000-7f41cb33a000 rw-p 0000b000 08:08 7343586                    /usr/lib/x86_64-linux-gnu/libavahi-common.so.3.5.3
7f41cb33a000-7f41cb3f0000 r-xp 00000000 08:08 7340174                    /usr/lib/x86_64-linux-gnu/libgnutls.so.26.22.6
7f41cb3f0000-7f41cb5f0000 ---p 000b6000 08:08 7340174                    /usr/lib/x86_64-linux-gnu/libgnutls.so.26.22.6
7f41cb5f0000-7f41cb5f6000 r--p 000b6000 08:08 7340174                    /usr/lib/x86_64-linux-gnu/libgnutls.so.26.22.6
7f41cb5f6000-7f41cb5f7000 rw-p 000bc000 08:08 7340174                    /usr/lib/x86_64-linux-gnu/libgnutls.so.26.22.6
7f41cb5f7000-7f41cb5f8000 rw-p 00000000 00:00 0 
7f41cb5f8000-7f41cb63b000 r-xp 00000000 08:08 7342530                    /usr/lib/x86_64-linux-gnu/libgssapi_krb5.so.2.2
7f41cb63b000-7f41cb83b000 ---p 00043000 08:08 7342530                    /usr/lib/x86_64-linux-gnu/libgssapi_krb5.so.2.2
7f41cb83b000-7f41cb83c000 r--p 00043000 08:08 7342530                    /usr/lib/x86_64-linux-gnu/libgssapi_krb5.so.2.2
7f41cb83c000-7f41cb83e000 rw-p 00044000 08:08 7342530                    /usr/lib/x86_64-linux-gnu/libgssapi_krb5.so.2.2
7f41cb83e000-7f41cb85b000 r-xp 00000000 08:08 7349976                    /usr/lib/x86_64-linux-gnu/libxcb.so.1.1.0
7f41cb85b000-7f41cba5b000 ---p 0001d000 08:08 7349976                    /usr/lib/x86_64-linux-gnu/libxcb.so.1.1.0
7f41cba5b000-7f41cba5c000 r--p 0001d000 08:08 7349976                    /usr/lib/x86_64-linux-gnu/libxcb.so.1.1.0
7f41cba5c000-7f41cba5d000 rw-p 0001e000 08:08 7349976                    /usr/lib/x86_64-linux-gnu/libxcb.so.1.1.0
7f41cba5d000-7f41cbbc9000 r-xp 00000000 08:08 7343135                    /usr/lib/x86_64-linux-gnu/libgio-2.0.so.0.4002.0
7f41cbbc9000-7f41cbdc8000 ---p 0016c000 08:08 7343135                    /usr/lib/x86_64-linux-gnu/libgio-2.0.so.0.4002.0
7f41cbdc8000-7f41cbdcc000 r--p 0016b000 08:08 7343135                    /usr/lib/x86_64-linux-gnu/libgio-2.0.so.0.4002.0
7f41cbdcc000-7f41cbdce000 rw-p 0016f000 08:08 7343135                    /usr/lib/x86_64-linux-gnu/libgio-2.0.so.0.4002.0
7f41cbdce000-7f41d0000000 rw-p 00000000 00:00 0 
7f41d0000000-7f41d0021000 rw-p 00000000 00:00 0 
7f41d0021000-7f41d4000000 ---p 00000000 00:00 0 
7f41d4000000-7f41d4021000 rw-p 00000000 00:00 0 
7f41d4021000-7f41d8000000 ---p 00000000 00:00 0 
7f41d8000000-7f41d8021000 rw-p 00000000 00:00 0 
7f41d8021000-7f41dc000000 ---p 00000000 00:00 0 
7f41dc000000-7f41dc021000 rw-p 00000000 00:00 0 
7f41dc021000-7f41e0000000 ---p 00000000 00:00 0 
7f41e00ee000-7f41e013d000 r-xp 00000000 08:08 7341061                    /usr/lib/x86_64-linux-gnu/libgobject-2.0.so.0.4002.0
7f41e013d000-7f41e033d000 ---p 0004f000 08:08 7341061                    /usr/lib/x86_64-linux-gnu/libgobject-2.0.so.0.4002.0
7f41e033d000-7f41e033e000 r--p 0004f000 08:08 7341061                    /usr/lib/x86_64-linux-gnu/libgobject-2.0.so.0.4002.0
7f41e033e000-7f41e033f000 rw-p 00050000 08:08 7341061                    /usr/lib/x86_64-linux-gnu/libgobject-2.0.so.0.4002.0
7f41e033f000-7f41e0379000 r-xp 00000000 08:08 7347904                    /usr/lib/x86_64-linux-gnu/libfontconfig.so.1.8.0
7f41e0379000-7f41e0578000 ---p 0003a000 08:08 7347904                    /usr/lib/x86_64-linux-gnu/libfontconfig.so.1.8.0
7f41e0578000-7f41e057a000 r--p 00039000 08:08 7347904                    /usr/lib/x86_64-linux-gnu/libfontconfig.so.1.8.0
7f41e057a000-7f41e057b000 rw-p 0003b000 08:08 7347904                    /usr/lib/x86_64-linux-gnu/libfontconfig.so.1.8.0
7f41e057b000-7f41e05e7000 r-xp 00000000 08:08 7341615                    /usr/lib/x86_64-linux-gnu/libcups.so.2
7f41e05e7000-7f41e07e7000 ---p 0006c000 08:08 7341615                    /usr/lib/x86_64-linux-gnu/libcups.so.2
7f41e07e7000-7f41e07ee000 r--p 0006c000 08:08 7341615                    /usr/lib/x86_64-linux-gnu/libcups.so.2
7f41e07ee000-7f41e07ef000 rw-p 00073000 08:08 7341615                    /usr/lib/x86_64-linux-gnu/libcups.so.2
7f41e07ef000-7f41e07fe000 r-xp 00000000 08:08 7342201                    /usr/lib/x86_64-linux-gnu/libXi.so.6.1.0
7f41e07fe000-7f41e09fd000 ---p 0000f000 08:08 7342201                    /usr/lib/x86_64-linux-gnu/libXi.so.6.1.0
7f41e09fd000-7f41e09fe000 r--p 0000e000 08:08 7342201                    /usr/lib/x86_64-linux-gnu/libXi.so.6.1.0
7f41e09fe000-7f41e09ff000 rw-p 0000f000 08:08 7342201                    /usr/lib/x86_64-linux-gnu/libXi.so.6.1.0
7f41e09ff000-7f41e0a04000 r-xp 00000000 08:08 7342681                    /usr/lib/x86_64-linux-gnu/libXtst.so.6.1.0
7f41e0a04000-7f41e0c03000 ---p 00005000 08:08 7342681                    /usr/lib/x86_64-linux-gnu/libXtst.so.6.1.0
7f41e0c03000-7f41e0c04000 r--p 00004000 08:08 7342681                    /usr/lib/x86_64-linux-gnu/libXtst.so.6.1.0
7f41e0c04000-7f41e0c05000 rw-p 00005000 08:08 7342681                    /usr/lib/x86_64-linux-gnu/libXtst.so.6.1.0
7f41e0c05000-7f41e0c0e000 r-xp 00000000 08:08 7342563                    /usr/lib/x86_64-linux-gnu/libXrender.so.1.3.0
7f41e0c0e000-7f41e0e0d000 ---p 00009000 08:08 7342563                    /usr/lib/x86_64-linux-gnu/libXrender.so.1.3.0
7f41e0e0d000-7f41e0e0e000 r--p 00008000 08:08 7342563                    /usr/lib/x86_64-linux-gnu/libXrender.so.1.3.0
7f41e0e0e000-7f41e0e0f000 rw-p 00009000 08:08 7342563                    /usr/lib/x86_64-linux-gnu/libXrender.so.1.3.0
7f41e0e0f000-7f41e0f3f000 r-xp 00000000 08:08 7341109                    /usr/lib/x86_64-linux-gnu/libX11.so.6.3.0
7f41e0f3f000-7f41e113f000 ---p 00130000 08:08 7341109                    /usr/lib/x86_64-linux-gnu/libX11.so.6.3.0
7f41e113f000-7f41e1140000 r--p 00130000 08:08 7341109                    /usr/lib/x86_64-linux-gnu/libX11.so.6.3.0
7f41e1140000-7f41e1144000 rw-p 00131000 08:08 7341109                    /usr/lib/x86_64-linux-gnu/libX11.so.6.3.0
7f41e1144000-7f41e1155000 r-xp 00000000 08:08 7341036                    /usr/lib/x86_64-linux-gnu/libXext.so.6.4.0
7f41e1155000-7f41e1354000 ---p 00011000 08:08 7341036                    /usr/lib/x86_64-linux-gnu/libXext.so.6.4.0
7f41e1354000-7f41e1355000 r--p 00010000 08:08 7341036                    /usr/lib/x86_64-linux-gnu/libXext.so.6.4.0
7f41e1355000-7f41e1356000 rw-p 00011000 08:08 7341036                    /usr/lib/x86_64-linux-gnu/libXext.so.6.4.0
7f41e1363000-7f41e136d000 r--s 000ae000 08:08 8390002                    /usr/lib/jvm/java-7-openjdk-amd64/jre/lib/resources.jar
7f41e136d000-7f41e13b5000 r-xp 00000000 08:08 8520164                    /usr/lib/jvm/java-7-openjdk-amd64/jre/lib/amd64/xawt/libmawt.so
7f41e13b5000-7f41e15b4000 ---p 00048000 08:08 8520164                    /usr/lib/jvm/java-7-openjdk-amd64/jre/lib/amd64/xawt/libmawt.so
7f41e15b4000-7f41e15b5000 r--p 00047000 08:08 8520164                    /usr/lib/jvm/java-7-openjdk-amd64/jre/lib/amd64/xawt/libmawt.so
7f41e15b5000-7f41e15b8000 rw-p 00048000 08:08 8520164                    /usr/lib/jvm/java-7-openjdk-amd64/jre/lib/amd64/xawt/libmawt.so
7f41e15b8000-7f41e15b9000 rw-p 00000000 00:00 0 
7f41e15b9000-7f41e1659000 r-xp 00000000 08:08 8520169                    /usr/lib/jvm/java-7-openjdk-amd64/jre/lib/amd64/libawt.so
7f41e1659000-7f41e1859000 ---p 000a0000 08:08 8520169                    /usr/lib/jvm/java-7-openjdk-amd64/jre/lib/amd64/libawt.so
7f41e1859000-7f41e185a000 r--p 000a0000 08:08 8520169                    /usr/lib/jvm/java-7-openjdk-amd64/jre/lib/amd64/libawt.so
7f41e185a000-7f41e1865000 rw-p 000a1000 08:08 8520169                    /usr/lib/jvm/java-7-openjdk-amd64/jre/lib/amd64/libawt.so
7f41e1865000-7f41e188a000 rw-p 00000000 00:00 0 
7f41e188a000-7f41e1894000 r--s 00203000 08:08 8389999                    /usr/lib/jvm/java-7-openjdk-amd64/jre/lib/charsets.jar
7f41e1894000-7f41e18a1000 r--s 00075000 08:08 4469291                    /home/shikhar/Documents/Shikhar/namo/gate/gate/lib/xstream-1.4.7.jar
7f41e18a1000-7f41e18a4000 r--s 0001b000 08:08 4469290                    /home/shikhar/Documents/Shikhar/namo/gate/gate/lib/xpp3-1.1.4c.jar
7f41e18a4000-7f41e18a6000 r--s 00016000 08:08 4469289                    /home/shikhar/Documents/Shikhar/namo/gate/gate/lib/xmlunit-1.5.jar
7f41e18a6000-7f41e18e4000 r--s 0025d000 08:08 4469288                    /home/shikhar/Documents/Shikhar/namo/gate/gate/lib/xmlbeans-2.6.0.jar
7f41e18e4000-7f41e18fc000 r--s 00115000 08:08 4469287                    /home/shikhar/Documents/Shikhar/namo/gate/gate/lib/xercesImpl-2.9.1.jar
7f41e18fc000-7f41e1902000 r--s 00072000 08:08 4469286                    /home/shikhar/Documents/Shikhar/namo/gate/gate/lib/woodstox-core-lgpl-4.2.0.jar
7f41e1902000-7f41e190b000 r--s 00086000 08:08 4469278                    /home/shikhar/Documents/Shikhar/namo/gate/gate/lib/tika-parsers-1.7.jar
7f41e190b000-7f41e1912000 r--s 0007a000 08:08 4469277                    /home/shikhar/Documents/Shikhar/namo/gate/gate/lib/tika-core-1.7.jar
7f41e1912000-7f41e1916000 r--s 00029000 08:08 4469276                    /home/shikhar/Documents/Shikhar/namo/gate/gate/lib/stax2-api-3.1.1.jar
7f41e1916000-7f41e191c000 r--s 00040000 08:08 4469275                    /home/shikhar/Documents/Shikhar/namo/gate/gate/lib/spring-core-2.5.6.SEC01.jar
7f41e191c000-7f41e1926000 r--s 0006e000 08:08 4469274                    /home/shikhar/Documents/Shikhar/namo/gate/gate/lib/spring-beans-2.5.6.SEC01.jar
7f41e1926000-7f41e192e000 r--s 00048000 08:08 4469273                    /home/shikhar/Documents/Shikhar/namo/gate/gate/lib/spring-aop-2.5.6.SEC01.jar
7f41e192e000-7f41e193e000 r--s 0012b000 08:08 4469272                    /home/shikhar/Documents/Shikhar/namo/gate/gate/lib/poi-scratchpad-3.11.jar
7f41e193e000-7f41e19f6000 r--s 0049f000 08:08 4469271                    /home/shikhar/Documents/Shikhar/namo/gate/gate/lib/poi-ooxml-schemas-3.11.jar
7f41e19f6000-7f41e1a05000 r--s 00119000 08:08 4469270                    /home/shikhar/Documents/Shikhar/namo/gate/gate/lib/poi-ooxml-3.11.jar
7f41e1a05000-7f41e1a27000 r--s 001da000 08:08 4469269                    /home/shikhar/Documents/Shikhar/namo/gate/gate/lib/poi-3.11.jar
7f41e1a27000-7f41e1a3f000 r--s 003cc000 08:08 4469268                    /home/shikhar/Documents/Shikhar/namo/gate/gate/lib/pdfbox-1.8.8.jar
7f41e1a3f000-7f41e1a42000 r--s 0001c000 08:08 4469267                    /home/shikhar/Documents/Shikhar/namo/gate/gate/lib/nekohtml-1.9.14.jar
7f41e1a42000-7f41e1a4b000 r--s 0006f000 08:08 4469266                    /home/shikhar/Documents/Shikhar/namo/gate/gate/lib/log4j-1.2.17.jar
7f41e1a4b000-7f41e1a51000 r--s 00036000 08:08 4469265                    /home/shikhar/Documents/Shikhar/namo/gate/gate/lib/junit-4.11.jar
7f41e1a51000-7f41e1a60000 r--s 00081000 08:08 4469264                    /home/shikhar/Documents/Shikhar/namo/gate/gate/lib/joda-time-2.6.jar
7f41e1a60000-7f41e1a62000 r--s 0000b000 08:08 4469263                    /home/shikhar/Documents/Shikhar/namo/gate/gate/lib/jempbox-1.8.8.jar
7f41e1a62000-7f41e1a64000 r--s 00023000 08:08 4469262                    /home/shikhar/Documents/Shikhar/namo/gate/gate/lib/jdom-1.1.3.jar
7f41e1a64000-7f41e1a6a000 r--s 00033000 08:08 4469261                    /home/shikhar/Documents/Shikhar/namo/gate/gate/lib/jaxen-1.1.6.jar
7f41e1a6a000-7f41e1a7b000 r--s 000cf000 08:08 4469259                    /home/shikhar/Documents/Shikhar/namo/gate/gate/lib/jackson-databind-2.3.2.jar
7f41e1a7b000-7f41e1a7e000 r--s 0002e000 08:08 4469258                    /home/shikhar/Documents/Shikhar/namo/gate/gate/lib/jackson-core-2.3.2.jar
7f41e1a7e000-7f41e1a80000 r--s 00007000 08:08 4469257                    /home/shikhar/Documents/Shikhar/namo/gate/gate/lib/jackson-annotations-2.3.0.jar
7f41e1a80000-7f41e1a95000 r--s 00116000 08:08 4469255                    /home/shikhar/Documents/Shikhar/namo/gate/gate/lib/ivy-2.3.0.jar
7f41e1a95000-7f41e1a97000 r--s 00009000 08:08 4469254                    /home/shikhar/Documents/Shikhar/namo/gate/gate/lib/hamcrest-core-1.3.jar
7f41e1a97000-7f41e1aab000 r--s 0021c000 08:08 4469253                    /home/shikhar/Documents/Shikhar/namo/gate/gate/lib/gate-compiler-jdt-4.3.2-P20140317-1600.jar
7f41e1aab000-7f41e1ab0000 r--s 00037000 08:08 4469252                    /home/shikhar/Documents/Shikhar/namo/gate/gate/lib/gate-asm-5.0.3.jar
7f41e1ab0000-7f41e1ab4000 r--s 00032000 08:08 4469251                    /home/shikhar/Documents/Shikhar/namo/gate/gate/lib/fontbox-1.8.8.jar
7f41e1ab4000-7f41e1ac6000 r--s 000fd000 08:08 4469250                    /home/shikhar/Documents/Shikhar/namo/gate/gate/lib/flying-saucer-core-9.0.4.jar
7f41e1ac6000-7f41e1acb000 r--s 00041000 08:08 4469248                    /home/shikhar/Documents/Shikhar/namo/gate/gate/lib/commons-lang-2.6.jar
7f41e1acb000-7f41e1acf000 r--s 0002a000 08:08 4469247                    /home/shikhar/Documents/Shikhar/namo/gate/gate/lib/commons-io-2.4.jar
7f41e1acf000-7f41e1ad6000 r--s 00053000 08:08 4469246                    /home/shikhar/Documents/Shikhar/namo/gate/gate/lib/commons-compress-1.8.1.jar
7f41e1ad6000-7f41e1afb000 r--s 00172000 08:08 4469244                    /home/shikhar/Documents/Shikhar/namo/gate/gate/lib/bcprov-jdk15-1.45.jar
7f41e1afb000-7f41e1b1a000 r--s 001cc000 08:08 4469238                    /home/shikhar/Documents/Shikhar/namo/gate/gate/lib/ant-1.9.3.jar
7f41e1b1a000-7f41e1b4d000 r--s 00378000 08:08 4201704                    /home/shikhar/Documents/Shikhar/namo/gate/gate/bin/gate.jar
7f41e1b4d000-7f41e1b4e000 ---p 00000000 00:00 0 
7f41e1b4e000-7f41e1c4e000 rw-p 00000000 00:00 0                          [stack:17891]
7f41e1c4e000-7f41e1c51000 ---p 00000000 00:00 0 
7f41e1c51000-7f41e1d4f000 rw-p 00000000 00:00 0                          [stack:17890]
7f41e1d4f000-7f41e1d52000 ---p 00000000 00:00 0 
7f41e1d52000-7f41e1e50000 rw-p 00000000 00:00 0                          [stack:17889]
7f41e1e50000-7f41e1e53000 ---p 00000000 00:00 0 
7f41e1e53000-7f41e1f51000 rw-p 00000000 00:00 0                          [stack:17888]
7f41e1f51000-7f41e1f54000 ---p 00000000 00:00 0 
7f41e1f54000-7f41e2052000 rw-p 00000000 00:00 0                          [stack:17887]
7f41e2052000-7f41e231b000 r--p 00000000 08:08 7347615                    /usr/lib/locale/locale-archive
7f41e231b000-7f41e231e000 ---p 00000000 00:00 0 
7f41e231e000-7f41e241c000 rw-p 00000000 00:00 0                          [stack:17886]
7f41e241c000-7f41e241f000 ---p 00000000 00:00 0 
7f41e241f000-7f41e251d000 rw-p 00000000 00:00 0                          [stack:17885]
7f41e251d000-7f41e251e000 ---p 00000000 00:00 0 
7f41e251e000-7f41e361b000 rw-p 00000000 00:00 0                          [stack:17884]
7f41e361b000-7f41e37cc000 r--s 01d27000 08:08 8390003                    /usr/lib/jvm/java-7-openjdk-amd64/jre/lib/rt.jar
7f41e37cc000-7f41e3d12000 rw-p 00000000 00:00 0 
7f41e3d12000-7f41e3d13000 ---p 00000000 00:00 0 
7f41e3d13000-7f41e3e13000 rw-p 00000000 00:00 0                          [stack:17883]
7f41e3e13000-7f41e3e14000 ---p 00000000 00:00 0 
7f41e3e14000-7f41e3f14000 rw-p 00000000 00:00 0                          [stack:17882]
7f41e3f14000-7f41e3f15000 ---p 00000000 00:00 0 
7f41e3f15000-7f41e4015000 rw-p 00000000 00:00 0                          [stack:17881]
7f41e4015000-7f41e4016000 ---p 00000000 00:00 0 
7f41e4016000-7f41e413f000 rw-p 00000000 00:00 0                          [stack:17880]
7f41e413f000-7f41e43a1000 rw-p 00000000 00:00 0 
7f41e43a1000-7f41e43ac000 rw-p 00000000 00:00 0 
7f41e43ac000-7f41e43f4000 rw-p 00000000 00:00 0 
7f41e43f4000-7f41e441d000 rw-p 00000000 00:00 0 
7f41e441d000-7f41e467e000 rw-p 00000000 00:00 0 
7f41e467e000-7f41e46dd000 rw-p 00000000 00:00 0 
7f41e46dd000-7f41e47c4000 rw-p 00000000 00:00 0 
7f41e47c4000-7f41e47c5000 rw-p 00000000 00:00 0 
7f41e47c5000-7f41e4a45000 rwxp 00000000 00:00 0 
7f41e4a45000-7f41e77c5000 rw-p 00000000 00:00 0 
7f41e77c5000-7f41e77cd000 r-xp 00000000 08:08 8520180                    /usr/lib/jvm/java-7-openjdk-amd64/jre/lib/amd64/libzip.so
7f41e77cd000-7f41e79cc000 ---p 00008000 08:08 8520180                    /usr/lib/jvm/java-7-openjdk-amd64/jre/lib/amd64/libzip.so
7f41e79cc000-7f41e79cd000 r--p 00007000 08:08 8520180                    /usr/lib/jvm/java-7-openjdk-amd64/jre/lib/amd64/libzip.so
7f41e79cd000-7f41e79ce000 rw-p 00008000 08:08 8520180                    /usr/lib/jvm/java-7-openjdk-amd64/jre/lib/amd64/libzip.so
7f41e79ce000-7f41e79d9000 r-xp 00000000 08:08 4460365                    /lib/x86_64-linux-gnu/libnss_files-2.19.so
7f41e79d9000-7f41e7bd8000 ---p 0000b000 08:08 4460365                    /lib/x86_64-linux-gnu/libnss_files-2.19.so
7f41e7bd8000-7f41e7bd9000 r--p 0000a000 08:08 4460365                    /lib/x86_64-linux-gnu/libnss_files-2.19.so
7f41e7bd9000-7f41e7bda000 rw-p 0000b000 08:08 4460365                    /lib/x86_64-linux-gnu/libnss_files-2.19.so
7f41e7bda000-7f41e7be5000 r-xp 00000000 08:08 4460400                    /lib/x86_64-linux-gnu/libnss_nis-2.19.so
7f41e7be5000-7f41e7de4000 ---p 0000b000 08:08 4460400                    /lib/x86_64-linux-gnu/libnss_nis-2.19.so
7f41e7de4000-7f41e7de5000 r--p 0000a000 08:08 4460400                    /lib/x86_64-linux-gnu/libnss_nis-2.19.so
7f41e7de5000-7f41e7de6000 rw-p 0000b000 08:08 4460400                    /lib/x86_64-linux-gnu/libnss_nis-2.19.so
7f41e7de6000-7f41e7dfd000 r-xp 00000000 08:08 4460380                    /lib/x86_64-linux-gnu/libnsl-2.19.so
7f41e7dfd000-7f41e7ffc000 ---p 00017000 08:08 4460380                    /lib/x86_64-linux-gnu/libnsl-2.19.so
7f41e7ffc000-7f41e7ffd000 r--p 00016000 08:08 4460380                    /lib/x86_64-linux-gnu/libnsl-2.19.so
7f41e7ffd000-7f41e7ffe000 rw-p 00017000 08:08 4460380                    /lib/x86_64-linux-gnu/libnsl-2.19.so
7f41e7ffe000-7f41e8000000 rw-p 00000000 00:00 0 
7f41e8000000-7f41ea468000 rw-p 00000000 00:00 0 
7f41ea468000-7f41ec000000 ---p 00000000 00:00 0 
7f41ec000000-7f41ec001000 rw-p 00000000 00:00 0 
7f41ec001000-7f41ec003000 r--s 0000e000 08:08 4469249                    /home/shikhar/Documents/Shikhar/namo/gate/gate/lib/commons-logging-1.1.3.jar
7f41ec003000-7f41ec00e000 rw-p 00000000 00:00 0 
7f41ec00e000-7f41ec056000 rw-p 00000000 00:00 0 
7f41ec056000-7f41ec05f000 r-xp 00000000 08:08 4460378                    /lib/x86_64-linux-gnu/libnss_compat-2.19.so
7f41ec05f000-7f41ec25e000 ---p 00009000 08:08 4460378                    /lib/x86_64-linux-gnu/libnss_compat-2.19.so
7f41ec25e000-7f41ec25f000 r--p 00008000 08:08 4460378                    /lib/x86_64-linux-gnu/libnss_compat-2.19.so
7f41ec25f000-7f41ec260000 rw-p 00009000 08:08 4460378                    /lib/x86_64-linux-gnu/libnss_compat-2.19.so
7f41ec260000-7f41ec28b000 r-xp 00000000 08:08 8521389                    /usr/lib/jvm/java-7-openjdk-amd64/jre/lib/amd64/libjava.so
7f41ec28b000-7f41ec48b000 ---p 0002b000 08:08 8521389                    /usr/lib/jvm/java-7-openjdk-amd64/jre/lib/amd64/libjava.so
7f41ec48b000-7f41ec48c000 r--p 0002b000 08:08 8521389                    /usr/lib/jvm/java-7-openjdk-amd64/jre/lib/amd64/libjava.so
7f41ec48c000-7f41ec48e000 rw-p 0002c000 08:08 8521389                    /usr/lib/jvm/java-7-openjdk-amd64/jre/lib/amd64/libjava.so
7f41ec48e000-7f41ec49e000 r-xp 00000000 08:08 8521386                    /usr/lib/jvm/java-7-openjdk-amd64/jre/lib/amd64/libverify.so
7f41ec49e000-7f41ec69d000 ---p 00010000 08:08 8521386                    /usr/lib/jvm/java-7-openjdk-amd64/jre/lib/amd64/libverify.so
7f41ec69d000-7f41ec69f000 r--p 0000f000 08:08 8521386                    /usr/lib/jvm/java-7-openjdk-amd64/jre/lib/amd64/libverify.so
7f41ec69f000-7f41ec6a0000 rw-p 00011000 08:08 8521386                    /usr/lib/jvm/java-7-openjdk-amd64/jre/lib/amd64/libverify.so
7f41ec6a0000-7f41ec6a7000 r-xp 00000000 08:08 4460397                    /lib/x86_64-linux-gnu/librt-2.19.so
7f41ec6a7000-7f41ec8a6000 ---p 00007000 08:08 4460397                    /lib/x86_64-linux-gnu/librt-2.19.so
7f41ec8a6000-7f41ec8a7000 r--p 00006000 08:08 4460397                    /lib/x86_64-linux-gnu/librt-2.19.so
7f41ec8a7000-7f41ec8a8000 rw-p 00007000 08:08 4460397                    /lib/x86_64-linux-gnu/librt-2.19.so
7f41ec8a8000-7f41ec8be000 r-xp 00000000 08:08 4460314                    /lib/x86_64-linux-gnu/libgcc_s.so.1
7f41ec8be000-7f41ecabd000 ---p 00016000 08:08 4460314                    /lib/x86_64-linux-gnu/libgcc_s.so.1
7f41ecabd000-7f41ecabe000 rw-p 00015000 08:08 4460314                    /lib/x86_64-linux-gnu/libgcc_s.so.1
7f41ecabe000-7f41ecbc3000 r-xp 00000000 08:08 4460362                    /lib/x86_64-linux-gnu/libm-2.19.so
7f41ecbc3000-7f41ecdc2000 ---p 00105000 08:08 4460362                    /lib/x86_64-linux-gnu/libm-2.19.so
7f41ecdc2000-7f41ecdc3000 r--p 00104000 08:08 4460362                    /lib/x86_64-linux-gnu/libm-2.19.so
7f41ecdc3000-7f41ecdc4000 rw-p 00105000 08:08 4460362                    /lib/x86_64-linux-gnu/libm-2.19.so
7f41ecdc4000-7f41eceaa000 r-xp 00000000 08:08 7351786                    /usr/lib/x86_64-linux-gnu/libstdc++.so.6.0.19
7f41eceaa000-7f41ed0a9000 ---p 000e6000 08:08 7351786                    /usr/lib/x86_64-linux-gnu/libstdc++.so.6.0.19
7f41ed0a9000-7f41ed0b1000 r--p 000e5000 08:08 7351786                    /usr/lib/x86_64-linux-gnu/libstdc++.so.6.0.19
7f41ed0b1000-7f41ed0b3000 rw-p 000ed000 08:08 7351786                    /usr/lib/x86_64-linux-gnu/libstdc++.so.6.0.19
7f41ed0b3000-7f41ed0c8000 rw-p 00000000 00:00 0 
7f41ed0c8000-7f41edbe0000 r-xp 00000000 08:08 8521394                    /usr/lib/jvm/java-7-openjdk-amd64/jre/lib/amd64/server/libjvm.so
7f41edbe0000-7f41edde0000 ---p 00b18000 08:08 8521394                    /usr/lib/jvm/java-7-openjdk-amd64/jre/lib/amd64/server/libjvm.so
7f41edde0000-7f41ede7a000 r--p 00b18000 08:08 8521394                    /usr/lib/jvm/java-7-openjdk-amd64/jre/lib/amd64/server/libjvm.so
7f41ede7a000-7f41ede9d000 rw-p 00bb2000 08:08 8521394                    /usr/lib/jvm/java-7-openjdk-amd64/jre/lib/amd64/server/libjvm.so
7f41ede9d000-7f41edecb000 rw-p 00000000 00:00 0 
7f41edecb000-7f41edee3000 r-xp 00000000 08:08 4457429                    /lib/x86_64-linux-gnu/libz.so.1.2.8
7f41edee3000-7f41ee0e2000 ---p 00018000 08:08 4457429                    /lib/x86_64-linux-gnu/libz.so.1.2.8
7f41ee0e2000-7f41ee0e3000 r--p 00017000 08:08 4457429                    /lib/x86_64-linux-gnu/libz.so.1.2.8
7f41ee0e3000-7f41ee0e4000 rw-p 00018000 08:08 4457429                    /lib/x86_64-linux-gnu/libz.so.1.2.8
7f41ee0e4000-7f41ee0fd000 r-xp 00000000 08:08 4460393                    /lib/x86_64-linux-gnu/libpthread-2.19.so
7f41ee0fd000-7f41ee2fc000 ---p 00019000 08:08 4460393                    /lib/x86_64-linux-gnu/libpthread-2.19.so
7f41ee2fc000-7f41ee2fd000 r--p 00018000 08:08 4460393                    /lib/x86_64-linux-gnu/libpthread-2.19.so
7f41ee2fd000-7f41ee2fe000 rw-p 00019000 08:08 4460393                    /lib/x86_64-linux-gnu/libpthread-2.19.so
7f41ee2fe000-7f41ee302000 rw-p 00000000 00:00 0 
7f41ee302000-7f41ee305000 r-xp 00000000 08:08 4460370                    /lib/x86_64-linux-gnu/libdl-2.19.so
7f41ee305000-7f41ee504000 ---p 00003000 08:08 4460370                    /lib/x86_64-linux-gnu/libdl-2.19.so
7f41ee504000-7f41ee505000 r--p 00002000 08:08 4460370                    /lib/x86_64-linux-gnu/libdl-2.19.so
7f41ee505000-7f41ee506000 rw-p 00003000 08:08 4460370                    /lib/x86_64-linux-gnu/libdl-2.19.so
7f41ee506000-7f41ee6c1000 r-xp 00000000 08:08 4460392                    /lib/x86_64-linux-gnu/libc-2.19.so
7f41ee6c1000-7f41ee8c0000 ---p 001bb000 08:08 4460392                    /lib/x86_64-linux-gnu/libc-2.19.so
7f41ee8c0000-7f41ee8c4000 r--p 001ba000 08:08 4460392                    /lib/x86_64-linux-gnu/libc-2.19.so
7f41ee8c4000-7f41ee8c6000 rw-p 001be000 08:08 4460392                    /lib/x86_64-linux-gnu/libc-2.19.so
7f41ee8c6000-7f41ee8cb000 rw-p 00000000 00:00 0 
7f41ee8cb000-7f41ee8d8000 r-xp 00000000 08:08 8520172                    /usr/lib/jvm/java-7-openjdk-amd64/jre/lib/amd64/jli/libjli.so
7f41ee8d8000-7f41eead7000 ---p 0000d000 08:08 8520172                    /usr/lib/jvm/java-7-openjdk-amd64/jre/lib/amd64/jli/libjli.so
7f41eead7000-7f41eead8000 r--p 0000c000 08:08 8520172                    /usr/lib/jvm/java-7-openjdk-amd64/jre/lib/amd64/jli/libjli.so
7f41eead8000-7f41eead9000 rw-p 0000d000 08:08 8520172                    /usr/lib/jvm/java-7-openjdk-amd64/jre/lib/amd64/jli/libjli.so
7f41eead9000-7f41eeafc000 r-xp 00000000 08:08 4460388                    /lib/x86_64-linux-gnu/ld-2.19.so
7f41eeafc000-7f41eeafd000 r--s 0000e000 08:08 4469260                    /home/shikhar/Documents/Shikhar/namo/gate/gate/lib/java-getopt-1.0.13.jar
7f41eeafd000-7f41eeb04000 r--s 0003a000 08:08 4469245                    /home/shikhar/Documents/Shikhar/namo/gate/gate/lib/commons-codec-1.9.jar
7f41eeb04000-7f41eeb09000 r--s 00033000 08:08 4469243                    /home/shikhar/Documents/Shikhar/namo/gate/gate/lib/bcmail-jdk15-1.45.jar
7f41eeb09000-7f41eeb10000 r--s 00044000 08:08 4469242                    /home/shikhar/Documents/Shikhar/namo/gate/gate/lib/apache-mime4j-dom-0.7.2.jar
7f41eeb10000-7f41eeb13000 r--s 00015000 08:08 4469241                    /home/shikhar/Documents/Shikhar/namo/gate/gate/lib/apache-mime4j-core-0.7.2.jar
7f41eeb13000-7f41eeb15000 r--s 00000000 08:08 4469240                    /home/shikhar/Documents/Shikhar/namo/gate/gate/lib/aopalliance-1.0.jar
7f41eeb15000-7f41eeb16000 r--s 00004000 08:08 4469239                    /home/shikhar/Documents/Shikhar/namo/gate/gate/lib/ant-launcher-1.9.3.jar
7f41eeb16000-7f41eeb19000 r--s 0000f000 08:08 8390006                    /usr/lib/jvm/java-7-openjdk-amd64/jre/lib/ext/icedtea-sound.jar
7f41eeb19000-7f41eeb1a000 r--s 00002000 08:08 8390007                    /usr/lib/jvm/java-7-openjdk-amd64/jre/lib/ext/dnsns.jar
7f41eeb1a000-7f41eeb1c000 r--s 00012000 08:08 8390011                    /usr/lib/jvm/java-7-openjdk-amd64/jre/lib/ext/zipfs.jar
7f41eeb1c000-7f41eeb26000 rw-p 00000000 00:00 0 
7f41eeb26000-7f41eebdc000 rw-p 00000000 00:00 0 
7f41eebdc000-7f41eebdf000 ---p 00000000 00:00 0 
7f41eebdf000-7f41eece2000 rw-p 00000000 00:00 0                          [stack:17879]
7f41eece2000-7f41eece6000 r--s 0003c000 08:08 8390008                    /usr/lib/jvm/java-7-openjdk-amd64/jre/lib/ext/sunpkcs11.jar
7f41eece6000-7f41eece8000 r--s 00006000 08:08 7605394                    /usr/share/java/java-atk-wrapper.jar
7f41eece8000-7f41eecec000 r--s 00034000 08:08 8390010                    /usr/lib/jvm/java-7-openjdk-amd64/jre/lib/ext/sunjce_provider.jar
7f41eecec000-7f41eecef000 r--s 00086000 08:08 8390009                    /usr/lib/jvm/java-7-openjdk-amd64/jre/lib/ext/localedata.jar
7f41eecef000-7f41eecf7000 rw-s 00000000 08:08 529912                     /tmp/hsperfdata_shikhar/17874
7f41eecf7000-7f41eecf8000 rw-p 00000000 00:00 0 
7f41eecf8000-7f41eecf9000 ---p 00000000 00:00 0 
7f41eecf9000-7f41eecfb000 rw-p 00000000 00:00 0 
7f41eecfb000-7f41eecfc000 r--p 00022000 08:08 4460388                    /lib/x86_64-linux-gnu/ld-2.19.so
7f41eecfc000-7f41eecfd000 rw-p 00023000 08:08 4460388                    /lib/x86_64-linux-gnu/ld-2.19.so
7f41eecfd000-7f41eecfe000 rw-p 00000000 00:00 0 
7ffce616b000-7ffce618d000 rw-p 00000000 00:00 0                          [stack]
7ffce61d0000-7ffce61d2000 r-xp 00000000 00:00 0                          [vdso]
ffffffffff600000-ffffffffff601000 r-xp 00000000 00:00 0                  [vsyscall]

VM Arguments:
jvm_args: -Dfile.encoding=UTF-8 
java_command: pilot1.Class1
Launcher Type: SUN_STANDARD

Environment Variables:
PATH=/usr/local/sbin:/usr/local/bin:/usr/sbin:/usr/bin:/sbin:/bin:/usr/games:/usr/local/games
SHELL=/bin/bash
DISPLAY=:1

Signal Handlers:
SIGSEGV: [libjvm.so+0x94b9a0], sa_mask[0]=0x7ffbfeff, sa_flags=0x10000004
SIGBUS: [libjvm.so+0x94b9a0], sa_mask[0]=0x7ffbfeff, sa_flags=0x10000004
SIGFPE: [libjvm.so+0x7c3880], sa_mask[0]=0x7ffbfeff, sa_flags=0x10000004
SIGPIPE: [libjvm.so+0x7c3880], sa_mask[0]=0x7ffbfeff, sa_flags=0x10000004
SIGXFSZ: [libjvm.so+0x7c3880], sa_mask[0]=0x7ffbfeff, sa_flags=0x10000004
SIGILL: [libjvm.so+0x7c3880], sa_mask[0]=0x7ffbfeff, sa_flags=0x10000004
SIGUSR1: SIG_DFL, sa_mask[0]=0x00000000, sa_flags=0x00000000
SIGUSR2: [libjvm.so+0x7c3720], sa_mask[0]=0x00000004, sa_flags=0x10000004
SIGHUP: [libjvm.so+0x7c3900], sa_mask[0]=0x7ffbfeff, sa_flags=0x10000004
SIGINT: [libjvm.so+0x7c3900], sa_mask[0]=0x7ffbfeff, sa_flags=0x10000004
SIGTERM: [libjvm.so+0x7c3900], sa_mask[0]=0x7ffbfeff, sa_flags=0x10000004
SIGQUIT: [libjvm.so+0x7c3900], sa_mask[0]=0x7ffbfeff, sa_flags=0x10000004
SIGTRAP: SIG_DFL, sa_mask[0]=0x00000000, sa_flags=0x00000000


---------------  S Y S T E M  ---------------

OS:Ubuntu 14.04 (trusty)
uname:Linux 3.13.0-52-generic #86-Ubuntu SMP Mon May 4 04:32:59 UTC 2015 x86_64
libc:glibc 2.19 NPTL 2.19 
rlimit: STACK 8192k, CORE 0k, NPROC 61795, NOFILE 4096, AS infinity
load average:5.16 2.71 1.34

/proc/meminfo:
MemTotal:        7992300 kB
MemFree:          125864 kB
Buffers:             420 kB
Cached:          1229896 kB
SwapCached:            0 kB
Active:          6373384 kB
Inactive:        1209152 kB
Active(anon):    6358660 kB
Inactive(anon):  1176556 kB
Active(file):      14724 kB
Inactive(file):    32596 kB
Unevictable:          32 kB
Mlocked:              32 kB
SwapTotal:             0 kB
SwapFree:              0 kB
Dirty:               308 kB
Writeback:             0 kB
AnonPages:       6352700 kB
Mapped:           470432 kB
Shmem:           1182548 kB
Slab:              93236 kB
SReclaimable:      34892 kB
SUnreclaim:        58344 kB
KernelStack:        9744 kB
PageTables:        95376 kB
NFS_Unstable:          0 kB
Bounce:                0 kB
WritebackTmp:          0 kB
CommitLimit:     3996148 kB
Committed_AS:   17389768 kB
VmallocTotal:   34359738367 kB
VmallocUsed:      359124 kB
VmallocChunk:   34359369304 kB
HardwareCorrupted:     0 kB
AnonHugePages:   3205120 kB
HugePages_Total:       0
HugePages_Free:        0
HugePages_Rsvd:        0
HugePages_Surp:        0
Hugepagesize:       2048 kB
DirectMap4k:       77604 kB
DirectMap2M:     3930112 kB
DirectMap1G:     4194304 kB


CPU:total 4 (4 cores per cpu, 1 threads per core) family 6 model 60 stepping 3, cmov, cx8, fxsr, mmx, sse, sse2, sse3, ssse3, sse4.1, sse4.2, popcnt, avx, avx2, aes, erms, tsc, tscinvbit

/proc/cpuinfo:
processor	: 0
vendor_id	: GenuineIntel
cpu family	: 6
model		: 60
model name	: Intel(R) Core(TM) i5-4570S CPU @ 2.90GHz
stepping	: 3
microcode	: 0x17
cpu MHz		: 2901.000
cache size	: 6144 KB
physical id	: 0
siblings	: 4
core id		: 0
cpu cores	: 4
apicid		: 0
initial apicid	: 0
fpu		: yes
fpu_exception	: yes
cpuid level	: 13
wp		: yes
flags		: fpu vme de pse tsc msr pae mce cx8 apic sep mtrr pge mca cmov pat pse36 clflush dts acpi mmx fxsr sse sse2 ss ht tm pbe syscall nx pdpe1gb rdtscp lm constant_tsc arch_perfmon pebs bts rep_good nopl xtopology nonstop_tsc aperfmperf eagerfpu pni pclmulqdq dtes64 monitor ds_cpl vmx smx est tm2 ssse3 fma cx16 xtpr pdcm pcid sse4_1 sse4_2 x2apic movbe popcnt tsc_deadline_timer aes xsave avx f16c rdrand lahf_lm abm ida arat epb xsaveopt pln pts dtherm tpr_shadow vnmi flexpriority ept vpid fsgsbase tsc_adjust bmi1 hle avx2 smep bmi2 erms invpcid rtm
bogomips	: 5786.87
clflush size	: 64
cache_alignment	: 64
address sizes	: 39 bits physical, 48 bits virtual
power management:

processor	: 1
vendor_id	: GenuineIntel
cpu family	: 6
model		: 60
model name	: Intel(R) Core(TM) i5-4570S CPU @ 2.90GHz
stepping	: 3
microcode	: 0x17
cpu MHz		: 2901.000
cache size	: 6144 KB
physical id	: 0
siblings	: 4
core id		: 1
cpu cores	: 4
apicid		: 2
initial apicid	: 2
fpu		: yes
fpu_exception	: yes
cpuid level	: 13
wp		: yes
flags		: fpu vme de pse tsc msr pae mce cx8 apic sep mtrr pge mca cmov pat pse36 clflush dts acpi mmx fxsr sse sse2 ss ht tm pbe syscall nx pdpe1gb rdtscp lm constant_tsc arch_perfmon pebs bts rep_good nopl xtopology nonstop_tsc aperfmperf eagerfpu pni pclmulqdq dtes64 monitor ds_cpl vmx smx est tm2 ssse3 fma cx16 xtpr pdcm pcid sse4_1 sse4_2 x2apic movbe popcnt tsc_deadline_timer aes xsave avx f16c rdrand lahf_lm abm ida arat epb xsaveopt pln pts dtherm tpr_shadow vnmi flexpriority ept vpid fsgsbase tsc_adjust bmi1 hle avx2 smep bmi2 erms invpcid rtm
bogomips	: 5786.87
clflush size	: 64
cache_alignment	: 64
address sizes	: 39 bits physical, 48 bits virtual
power management:

processor	: 2
vendor_id	: GenuineIntel
cpu family	: 6
model		: 60
model name	: Intel(R) Core(TM) i5-4570S CPU @ 2.90GHz
stepping	: 3
microcode	: 0x17
cpu MHz		: 1800.000
cache size	: 6144 KB
physical id	: 0
siblings	: 4
core id		: 2
cpu cores	: 4
apicid		: 4
initial apicid	: 4
fpu		: yes
fpu_exception	: yes
cpuid level	: 13
wp		: yes
flags		: fpu vme de pse tsc msr pae mce cx8 apic sep mtrr pge mca cmov pat pse36 clflush dts acpi mmx fxsr sse sse2 ss ht tm pbe syscall nx pdpe1gb rdtscp lm constant_tsc arch_perfmon pebs bts rep_good nopl xtopology nonstop_tsc aperfmperf eagerfpu pni pclmulqdq dtes64 monitor ds_cpl vmx smx est tm2 ssse3 fma cx16 xtpr pdcm pcid sse4_1 sse4_2 x2apic movbe popcnt tsc_deadline_timer aes xsave avx f16c rdrand lahf_lm abm ida arat epb xsaveopt pln pts dtherm tpr_shadow vnmi flexpriority ept vpid fsgsbase tsc_adjust bmi1 hle avx2 smep bmi2 erms invpcid rtm
bogomips	: 5786.87
clflush size	: 64
cache_alignment	: 64
address sizes	: 39 bits physical, 48 bits virtual
power management:

processor	: 3
vendor_id	: GenuineIntel
cpu family	: 6
model		: 60
model name	: Intel(R) Core(TM) i5-4570S CPU @ 2.90GHz
stepping	: 3
microcode	: 0x17
cpu MHz		: 800.000
cache size	: 6144 KB
physical id	: 0
siblings	: 4
core id		: 3
cpu cores	: 4
apicid		: 6
initial apicid	: 6
fpu		: yes
fpu_exception	: yes
cpuid level	: 13
wp		: yes
flags		: fpu vme de pse tsc msr pae mce cx8 apic sep mtrr pge mca cmov pat pse36 clflush dts acpi mmx fxsr sse sse2 ss ht tm pbe syscall nx pdpe1gb rdtscp lm constant_tsc arch_perfmon pebs bts rep_good nopl xtopology nonstop_tsc aperfmperf eagerfpu pni pclmulqdq dtes64 monitor ds_cpl vmx smx est tm2 ssse3 fma cx16 xtpr pdcm pcid sse4_1 sse4_2 x2apic movbe popcnt tsc_deadline_timer aes xsave avx f16c rdrand lahf_lm abm ida arat epb xsaveopt pln pts dtherm tpr_shadow vnmi flexpriority ept vpid fsgsbase tsc_adjust bmi1 hle avx2 smep bmi2 erms invpcid rtm
bogomips	: 5786.87
clflush size	: 64
cache_alignment	: 64
address sizes	: 39 bits physical, 48 bits virtual
power management:



Memory: 4k page, physical 7992300k(125864k free), swap 0k(0k free)

vm_info: OpenJDK 64-Bit Server VM (24.79-b02) for linux-amd64 JRE (1.7.0_79-b14), built on Apr 16 2015 08:21:58 by "buildd" with gcc 4.8.2

time: Wed Jun 17 15:53:24 2015
elapsed time: 9 seconds

